<?xml version="1.0" encoding="utf-8"?><testsuites><testsuite name="pytest" errors="0" failures="0" skipped="0" tests="21" time="0.454" timestamp="2023-02-06T17:33:10.664526" hostname="T37907T2MP"><testcase classname="tests.test_analyze.TestAnalyzePisa" name="test_create_assembly_dict" time="0.002" /><testcase classname="tests.test_analyze.TestAnalyzePisa" name="test_create_interfaces_dict" time="0.002" /><testcase classname="tests.test_covariations_int.TestCovariation" name="test_get_cov_interfaces" time="0.005" /><testcase classname="tests.test_covariations_int.TestCovariation" name="test_read_cov_info" time="0.002" /><testcase classname="tests.test_covariations_int.TestCovariation" name="test_read_cov_info_df_none" time="0.000" /><testcase classname="tests.test_covariations_int.TestCovariation" name="test_read_cov_info_unpnum_none" time="0.003" /><testcase classname="tests.test_covariations_int.TestCovariation" name="test_save_covariation_data" time="0.004" /><testcase classname="tests.test_covariations_int.TestCovariation" name="test_save_covariation_data_invalid_data" time="0.001" /><testcase classname="tests.test_covariations_int.TestCovariation" name="test_save_covariation_data_return_none" time="0.001" /><testcase classname="tests.test_dictionaries.TestDictionaries" name="test_get_bond_dict" time="0.001" /><testcase classname="tests.test_dictionaries.TestDictionaries" name="test_get_molecules_counts" time="0.001" /><testcase classname="tests.test_dictionaries.TestDictionaries" name="test_get_molecules_dict" time="0.001" /><testcase classname="tests.test_dictionaries.TestDictionaries" name="test_get_molecules_invalid" time="0.000" /><testcase classname="tests.test_dictionaries.TestDictionaries" name="test_get_molecules_ligand" time="0.001" /><testcase classname="tests.test_utils.TestUtils" name="test_create_pisa_config" time="0.001" /><testcase classname="tests.test_utils.TestUtils" name="test_read_uniprot_info_no_mapping" time="0.002" /><testcase classname="tests.test_utils.TestUtils" name="test_read_uniprot_info_no_residue" time="0.001" /><testcase classname="tests.test_utils.TestUtils" name="test_read_uniprot_info_valid" time="0.001" /><testcase classname="tests.test_utils.TestUtils" name="test_read_uniprot_info_valid_with_negative_number" time="0.001" /><testcase classname="tests.test_utils.TestUtils" name="test_xml_parser_invalid" time="0.000" /><testcase classname="tests.test_utils.TestUtils" name="test_xml_parser_valid" time="0.001" /></testsuite></testsuites>