<?xml version="1.0" encoding="utf-8"?><testsuites><testsuite name="pytest" errors="0" failures="0" skipped="0" tests="14" time="0.338" timestamp="2023-03-31T13:21:57.427506" hostname="T37907T2MP"><testcase classname="tests.test_analyze.TestAnalyzePisa" name="test_create_assembly_dict" time="0.002" /><testcase classname="tests.test_analyze.TestAnalyzePisa" name="test_create_interfaces_dict" time="0.008" /><testcase classname="tests.test_dictionaries.TestDictionaries" name="test_get_bond_dict" time="0.001" /><testcase classname="tests.test_dictionaries.TestDictionaries" name="test_get_molecules_counts" time="0.001" /><testcase classname="tests.test_dictionaries.TestDictionaries" name="test_get_molecules_dict" time="0.001" /><testcase classname="tests.test_dictionaries.TestDictionaries" name="test_get_molecules_invalid" time="0.000" /><testcase classname="tests.test_dictionaries.TestDictionaries" name="test_get_molecules_ligand" time="0.001" /><testcase classname="tests.test_utils.TestUtils" name="test_create_pisa_config" time="0.002" /><testcase classname="tests.test_utils.TestUtils" name="test_read_uniprot_info_no_atom" time="0.008" /><testcase classname="tests.test_utils.TestUtils" name="test_read_uniprot_info_no_mapping" time="0.000" /><testcase classname="tests.test_utils.TestUtils" name="test_read_uniprot_info_valid" time="0.000" /><testcase classname="tests.test_utils.TestUtils" name="test_read_uniprot_info_valid_with_negative_number" time="0.001" /><testcase classname="tests.test_utils.TestUtils" name="test_xml_parser_invalid" time="0.001" /><testcase classname="tests.test_utils.TestUtils" name="test_xml_parser_valid" time="0.001" /></testsuite></testsuites>